<?xml version="1.0" encoding="UTF-8"?>
<testng-results ignored="0" total="1" passed="1" failed="0" skipped="0">
  <reporter-output>
  </reporter-output>
  <suite started-at="2023-04-05T20:41:51 EEST" name="Default Suite" finished-at="2023-04-05T20:41:56 EEST" duration-ms="4997">
    <groups>
    </groups>
    <test started-at="2023-04-05T20:41:51 EEST" name="first_version" finished-at="2023-04-05T20:41:56 EEST" duration-ms="4997">
      <class name="Final.tests.LoginTest">
        <test-method is-config="true" signature="setupSuite(org.testng.ITestContext)[pri:0, instance:Final.tests.LoginTest@309e345f]" started-at="2023-04-05T20:41:51 EEST" name="setupSuite" finished-at="2023-04-05T20:41:51 EEST" duration-ms="456" status="PASS">
          <params>
            <param index="0">
              <value>
                <![CDATA[org.testng.TestRunner@3b2f4a93]]>
              </value>
            </param>
          </params>
          <reporter-output>
          </reporter-output>
        </test-method> <!-- setupSuite -->
        <test-method is-config="true" signature="setupDriver()[pri:0, instance:Final.tests.LoginTest@309e345f]" started-at="2023-04-05T20:41:51 EEST" name="setupDriver" finished-at="2023-04-05T20:41:54 EEST" duration-ms="2467" status="PASS">
          <reporter-output>
          </reporter-output>
        </test-method> <!-- setupDriver -->
        <test-method signature="loginTest()[pri:0, instance:Final.tests.LoginTest@309e345f]" started-at="2023-04-05T20:41:54 EEST" name="loginTest" finished-at="2023-04-05T20:41:56 EEST" duration-ms="2417" status="PASS">
          <reporter-output>
          </reporter-output>
        </test-method> <!-- loginTest -->
        <test-method is-config="true" signature="tearDown(org.testng.ITestResult)[pri:0, instance:Final.tests.LoginTest@309e345f]" started-at="2023-04-05T20:41:56 EEST" name="tearDown" finished-at="2023-04-05T20:41:56 EEST" duration-ms="83" status="PASS">
          <params>
            <param index="0">
              <value>
                <![CDATA[[TestResult name=loginTest status=SUCCESS method=LoginTest.loginTest()[pri:0, instance:Final.tests.LoginTest@309e345f] output={null}]]]>
              </value>
            </param>
          </params>
          <reporter-output>
          </reporter-output>
        </test-method> <!-- tearDown -->
      </class> <!-- Final.tests.LoginTest -->
    </test> <!-- first_version -->
  </suite> <!-- Default Suite -->
</testng-results>
